2023-11-14T03:55:11.876055Z 0 [Warning] [MY-010097] [Server] Insecure configuration for --secure-file-priv: Current value does not restrict location of generated files. Consider setting it to a valid, non-empty path.
2023-11-14T03:55:11.876220Z 0 [Warning] [MY-010918] [Server] 'default_authentication_plugin' is deprecated and will be removed in a future release. Please use authentication_policy instead.
2023-11-14T03:55:11.876329Z 0 [System] [MY-010116] [Server] C:\laragon\bin\mysql\mysql-8.0.30-winx64\bin\mysqld (mysqld 8.0.30) starting as process 1972
2023-11-14T03:55:12.688837Z 1 [System] [MY-013576] [InnoDB] InnoDB initialization has started.
2023-11-14T03:55:27.504351Z 1 [System] [MY-013577] [InnoDB] InnoDB initialization has ended.
2023-11-14T03:56:27.096833Z 0 [Warning] [MY-013829] [Server] Missing data directory for ICU regular expressions: C:\laragon\bin\mysql\mysql-8.0.30-winx64\lib\private\.
2023-11-14T03:56:27.132942Z 0 [Warning] [MY-010068] [Server] CA certificate ca.pem is self signed.
2023-11-14T03:56:27.134378Z 0 [System] [MY-013602] [Server] Channel mysql_main configured to support TLS. Encrypted connections are now supported for this channel.
2023-11-14T03:56:28.420584Z 0 [System] [MY-011323] [Server] X Plugin ready for connections. Bind-address: '::' port: 33060
2023-11-14T03:56:28.420949Z 0 [System] [MY-010931] [Server] C:\laragon\bin\mysql\mysql-8.0.30-winx64\bin\mysqld: ready for connections. Version: '8.0.30'  socket: ''  port: 3306  MySQL Community Server - GPL.
2023-11-14T06:23:04.643673Z 0 [Warning] [MY-010097] [Server] Insecure configuration for --secure-file-priv: Current value does not restrict location of generated files. Consider setting it to a valid, non-empty path.
2023-11-14T06:23:04.645335Z 0 [Warning] [MY-010918] [Server] 'default_authentication_plugin' is deprecated and will be removed in a future release. Please use authentication_policy instead.
2023-11-14T06:23:04.645456Z 0 [System] [MY-010116] [Server] C:\laragon\bin\mysql\mysql-8.0.30-winx64\bin\mysqld (mysqld 8.0.30) starting as process 3120
2023-11-14T06:23:04.907137Z 1 [System] [MY-013576] [InnoDB] InnoDB initialization has started.
2023-11-14T06:23:14.102777Z 1 [System] [MY-013577] [InnoDB] InnoDB initialization has ended.
2023-11-14T06:24:05.917837Z 0 [System] [MY-010229] [Server] Starting XA crash recovery...
2023-11-14T06:24:05.929594Z 0 [System] [MY-010232] [Server] XA crash recovery finished.
2023-11-14T06:24:06.977539Z 0 [Warning] [MY-013829] [Server] Missing data directory for ICU regular expressions: C:\laragon\bin\mysql\mysql-8.0.30-winx64\lib\private\.
2023-11-14T06:24:07.532295Z 0 [Warning] [MY-010068] [Server] CA certificate ca.pem is self signed.
2023-11-14T06:24:07.533658Z 0 [System] [MY-013602] [Server] Channel mysql_main configured to support TLS. Encrypted connections are now supported for this channel.
2023-11-14T06:24:07.937344Z 0 [System] [MY-010931] [Server] C:\laragon\bin\mysql\mysql-8.0.30-winx64\bin\mysqld: ready for connections. Version: '8.0.30'  socket: ''  port: 3306  MySQL Community Server - GPL.
2023-11-14T06:24:07.942206Z 0 [System] [MY-011323] [Server] X Plugin ready for connections. Bind-address: '::' port: 33060
